  ConsoleApplication1.cpp
  Core.cpp
  MeshRenderer.cpp
  Generating Code...
C:\University\Year 3\GEP Assignment\ConsoleApplication1\ConsoleApplication1\MeshRenderer.cpp(56,20): error C2027: use of undefined type 'ECS::Entity'
      C:\University\Year 3\GEP Assignment\ConsoleApplication1\ConsoleApplication1\Component.h(11,9):
      see declaration of 'ECS::Entity'
  
C:\University\Year 3\GEP Assignment\ConsoleApplication1\ConsoleApplication1\MeshRenderer.cpp(56,25): error C2039: 'GetComponent': is not a member of 'std::shared_ptr<_Ty>'
C:\University\Year 3\GEP Assignment\ConsoleApplication1\ConsoleApplication1\MeshRenderer.cpp(56,25): error C2039:         with
C:\University\Year 3\GEP Assignment\ConsoleApplication1\ConsoleApplication1\MeshRenderer.cpp(56,25): error C2039:         [
C:\University\Year 3\GEP Assignment\ConsoleApplication1\ConsoleApplication1\MeshRenderer.cpp(56,25): error C2039:             _Ty=ECS::Entity
C:\University\Year 3\GEP Assignment\ConsoleApplication1\ConsoleApplication1\MeshRenderer.cpp(56,25): error C2039:         ]
      C:\Program Files\Microsoft Visual Studio\2022\Community\VC\Tools\MSVC\14.44.35207\include\memory(1565,7):
      see declaration of 'std::shared_ptr<_Ty>'
          with
          [
              _Ty=ECS::Entity
          ]
  
C:\University\Year 3\GEP Assignment\ConsoleApplication1\ConsoleApplication1\MeshRenderer.cpp(56,49): error C2059: syntax error: ')'
C:\University\Year 3\GEP Assignment\ConsoleApplication1\ConsoleApplication1\MeshRenderer.cpp(57,7): error C3536: 'transform': cannot be used before it is initialized
C:\University\Year 3\GEP Assignment\ConsoleApplication1\ConsoleApplication1\MeshRenderer.cpp(61,4): error C2065: 'modelMat': undeclared identifier
C:\University\Year 3\GEP Assignment\ConsoleApplication1\ConsoleApplication1\MeshRenderer.cpp(67,36): error C2065: 'modelMat': undeclared identifier
C:\University\Year 3\GEP Assignment\ConsoleApplication1\ConsoleApplication1\MeshRenderer.cpp(79,19): error C2027: use of undefined type 'ECS::Entity'
      C:\University\Year 3\GEP Assignment\ConsoleApplication1\ConsoleApplication1\Component.h(11,9):
      see declaration of 'ECS::Entity'
  
C:\University\Year 3\GEP Assignment\ConsoleApplication1\ConsoleApplication1\MeshRenderer.cpp(79,24): error C2039: 'GetCore': is not a member of 'std::shared_ptr<_Ty>'
C:\University\Year 3\GEP Assignment\ConsoleApplication1\ConsoleApplication1\MeshRenderer.cpp(79,24): error C2039:         with
C:\University\Year 3\GEP Assignment\ConsoleApplication1\ConsoleApplication1\MeshRenderer.cpp(79,24): error C2039:         [
C:\University\Year 3\GEP Assignment\ConsoleApplication1\ConsoleApplication1\MeshRenderer.cpp(79,24): error C2039:             _Ty=ECS::Entity
C:\University\Year 3\GEP Assignment\ConsoleApplication1\ConsoleApplication1\MeshRenderer.cpp(79,24): error C2039:         ]
      C:\Program Files\Microsoft Visual Studio\2022\Community\VC\Tools\MSVC\14.44.35207\include\memory(1565,7):
      see declaration of 'std::shared_ptr<_Ty>'
          with
          [
              _Ty=ECS::Entity
          ]
  
C:\University\Year 3\GEP Assignment\ConsoleApplication1\ConsoleApplication1\MeshRenderer.cpp(79,12): error C3536: 'core': cannot be used before it is initialized
C:\University\Year 3\GEP Assignment\ConsoleApplication1\ConsoleApplication1\MeshRenderer.cpp(93,25): error C2065: 'modelMat': undeclared identifier
